2026-03-15 22:16:39
Full thread dump OpenJDK 64-Bit Server VM (11.0.30+7-LTS mixed mode, sharing):

Threads class SMR info:
_java_thread_list=0x0000022915fecfa0, length=11, elements={
0x00000229712db800, 0x000002291569d800, 0x000002291569f000, 0x00000229156bd800,
0x00000229156bf000, 0x00000229156c1000, 0x00000229156c4000, 0x00000229156cd800,
0x00000229156d2000, 0x0000022915f60800, 0x00000229161bb800
}

"main" #1 prio=5 os_prio=0 cpu=62.50ms elapsed=18.91s allocated=1407K defined_classes=46 tid=0x00000229712db800 nid=0x25ac in Object.wait()  [0x000000c663fff000]
   java.lang.Thread.State: WAITING (on object monitor)
	at java.lang.Object.wait(java.base@11.0.30/Native Method)
	- waiting on <0x0000000719907ed8> (a java.lang.Thread)
	at java.lang.Thread.join(java.base@11.0.30/Thread.java:1300)
	- waiting to re-lock in wait() <0x0000000719907ed8> (a java.lang.Thread)
	at java.lang.Thread.join(java.base@11.0.30/Thread.java:1375)
	at Deadlock1.main(Deadlock1.java:3)

   Locked ownable synchronizers:
	- None

"Reference Handler" #2 daemon prio=10 os_prio=2 cpu=0.00ms elapsed=18.90s allocated=0B defined_classes=0 tid=0x000002291569d800 nid=0x39f0 waiting on condition  [0x000000c6646ff000]
   java.lang.Thread.State: RUNNABLE
	at java.lang.ref.Reference.waitForReferencePendingList(java.base@11.0.30/Native Method)
	at java.lang.ref.Reference.processPendingReferences(java.base@11.0.30/Reference.java:241)
	at java.lang.ref.Reference$ReferenceHandler.run(java.base@11.0.30/Reference.java:213)

   Locked ownable synchronizers:
	- None

"Finalizer" #3 daemon prio=8 os_prio=1 cpu=0.00ms elapsed=18.90s allocated=280B defined_classes=0 tid=0x000002291569f000 nid=0x325c in Object.wait()  [0x000000c6647ff000]
   java.lang.Thread.State: WAITING (on object monitor)
	at java.lang.Object.wait(java.base@11.0.30/Native Method)
	- waiting on <0x000000071990a2e0> (a java.lang.ref.ReferenceQueue$Lock)
	at java.lang.ref.ReferenceQueue.remove(java.base@11.0.30/ReferenceQueue.java:155)
	- waiting to re-lock in wait() <0x000000071990a2e0> (a java.lang.ref.ReferenceQueue$Lock)
	at java.lang.ref.ReferenceQueue.remove(java.base@11.0.30/ReferenceQueue.java:176)
	at java.lang.ref.Finalizer$FinalizerThread.run(java.base@11.0.30/Finalizer.java:170)

   Locked ownable synchronizers:
	- None

"Signal Dispatcher" #4 daemon prio=9 os_prio=2 cpu=0.00ms elapsed=18.89s allocated=0B defined_classes=0 tid=0x00000229156bd800 nid=0x13f4 runnable  [0x0000000000000000]
   java.lang.Thread.State: RUNNABLE

   Locked ownable synchronizers:
	- None

"Attach Listener" #5 daemon prio=5 os_prio=2 cpu=0.00ms elapsed=18.89s allocated=0B defined_classes=0 tid=0x00000229156bf000 nid=0x3eac waiting on condition  [0x0000000000000000]
   java.lang.Thread.State: RUNNABLE

   Locked ownable synchronizers:
	- None

"Service Thread" #6 daemon prio=9 os_prio=0 cpu=0.00ms elapsed=18.89s allocated=0B defined_classes=0 tid=0x00000229156c1000 nid=0x429c runnable  [0x0000000000000000]
   java.lang.Thread.State: RUNNABLE

   Locked ownable synchronizers:
	- None

"C2 CompilerThread0" #7 daemon prio=9 os_prio=2 cpu=15.62ms elapsed=18.89s allocated=0B defined_classes=0 tid=0x00000229156c4000 nid=0x5a80 waiting on condition  [0x0000000000000000]
   java.lang.Thread.State: RUNNABLE
   No compile task

   Locked ownable synchronizers:
	- None

"C1 CompilerThread0" #10 daemon prio=9 os_prio=2 cpu=31.25ms elapsed=18.89s allocated=288B defined_classes=0 tid=0x00000229156cd800 nid=0x498c waiting on condition  [0x0000000000000000]
   java.lang.Thread.State: RUNNABLE
   No compile task

   Locked ownable synchronizers:
	- None

"Sweeper thread" #11 daemon prio=9 os_prio=2 cpu=0.00ms elapsed=18.89s allocated=0B defined_classes=0 tid=0x00000229156d2000 nid=0xf84 runnable  [0x0000000000000000]
   java.lang.Thread.State: RUNNABLE

   Locked ownable synchronizers:
	- None

"Common-Cleaner" #12 daemon prio=8 os_prio=1 cpu=0.00ms elapsed=18.88s allocated=0B defined_classes=0 tid=0x0000022915f60800 nid=0x2ea0 in Object.wait()  [0x000000c664eff000]
   java.lang.Thread.State: TIMED_WAITING (on object monitor)
	at java.lang.Object.wait(java.base@11.0.30/Native Method)
	- waiting on <0x0000000719806c70> (a java.lang.ref.ReferenceQueue$Lock)
	at java.lang.ref.ReferenceQueue.remove(java.base@11.0.30/ReferenceQueue.java:155)
	- waiting to re-lock in wait() <0x0000000719806c70> (a java.lang.ref.ReferenceQueue$Lock)
	at jdk.internal.ref.CleanerImpl.run(java.base@11.0.30/CleanerImpl.java:148)
	at java.lang.Thread.run(java.base@11.0.30/Thread.java:829)
	at jdk.internal.misc.InnocuousThread.run(java.base@11.0.30/InnocuousThread.java:161)

   Locked ownable synchronizers:
	- None

"Monitor Ctrl-Break" #13 daemon prio=5 os_prio=0 cpu=0.00ms elapsed=18.85s allocated=80408B defined_classes=34 tid=0x00000229161bb800 nid=0x4178 runnable  [0x000000c6650fe000]
   java.lang.Thread.State: RUNNABLE
	at java.net.SocketInputStream.socketRead0(java.base@11.0.30/Native Method)
	at java.net.SocketInputStream.socketRead(java.base@11.0.30/SocketInputStream.java:115)
	at java.net.SocketInputStream.read(java.base@11.0.30/SocketInputStream.java:168)
	at java.net.SocketInputStream.read(java.base@11.0.30/SocketInputStream.java:140)
	at sun.nio.cs.StreamDecoder.readBytes(java.base@11.0.30/StreamDecoder.java:295)
	at sun.nio.cs.StreamDecoder.implRead(java.base@11.0.30/StreamDecoder.java:337)
	at sun.nio.cs.StreamDecoder.read(java.base@11.0.30/StreamDecoder.java:179)
	- locked <0x0000000719705ba8> (a java.io.InputStreamReader)
	at java.io.InputStreamReader.read(java.base@11.0.30/InputStreamReader.java:181)
	at java.io.BufferedReader.fill(java.base@11.0.30/BufferedReader.java:161)
	at java.io.BufferedReader.readLine(java.base@11.0.30/BufferedReader.java:326)
	- locked <0x0000000719705ba8> (a java.io.InputStreamReader)
	at java.io.BufferedReader.readLine(java.base@11.0.30/BufferedReader.java:392)
	at com.intellij.rt.execution.application.AppMainV2$1.run(AppMainV2.java:31)

   Locked ownable synchronizers:
	- None

"VM Thread" os_prio=2 cpu=0.00ms elapsed=18.90s tid=0x000002291569c800 nid=0x535c runnable  

"GC Thread#0" os_prio=2 cpu=0.00ms elapsed=18.91s tid=0x00000229712f2000 nid=0x46e0 runnable  

"G1 Main Marker" os_prio=2 cpu=0.00ms elapsed=18.91s tid=0x000002297134c800 nid=0x3d34 runnable  

"G1 Conc#0" os_prio=2 cpu=0.00ms elapsed=18.91s tid=0x0000022971355000 nid=0x3b70 runnable  

"G1 Refine#0" os_prio=2 cpu=0.00ms elapsed=18.90s tid=0x00000229155b4000 nid=0x7a8 runnable  

"G1 Young RemSet Sampling" os_prio=2 cpu=0.00ms elapsed=18.90s tid=0x00000229155b5000 nid=0x380c runnable  
"VM Periodic Task Thread" os_prio=2 cpu=0.00ms elapsed=18.85s tid=0x00000229161c0800 nid=0x4a6c waiting on condition  

JNI global refs: 16, weak refs: 0

